Connecting to database specified by database.yml
Connecting to database specified by database.yml
  [1m[36m (0.6ms)[0m  [1mselect sqlite_version(*)[0m
  [1m[35m (1.2ms)[0m  CREATE TABLE "schema_migrations" ("version" varchar(255) NOT NULL) 
  [1m[36m (1.3ms)[0m  [1mCREATE UNIQUE INDEX "unique_schema_migrations" ON "schema_migrations" ("version")[0m
  [1m[35m (0.1ms)[0m  SELECT "schema_migrations"."version" FROM "schema_migrations" 
Migrating to CreatePosts (20150324021855)
  [1m[36m (0.0ms)[0m  [1mbegin transaction[0m
  [1m[35m (0.0ms)[0m  rollback transaction
Connecting to database specified by database.yml
  [1m[36m (0.4ms)[0m  [1mSELECT "schema_migrations"."version" FROM "schema_migrations" [0m
Migrating to CreatePosts (20150324021855)
  [1m[35m (0.0ms)[0m  select sqlite_version(*)
  [1m[36m (0.0ms)[0m  [1mbegin transaction[0m
  [1m[35m (1.2ms)[0m  CREATE TABLE "posts" ("id" INTEGER PRIMARY KEY AUTOINCREMENT NOT NULL, "title" varchar(255), "content" text, "created_at" datetime NOT NULL, "updated_at" datetime NOT NULL) 
  [1m[36m (0.1ms)[0m  [1mINSERT INTO "schema_migrations" ("version") VALUES ('20150324021855')[0m
  [1m[35m (0.7ms)[0m  commit transaction
  [1m[36m (0.1ms)[0m  [1mSELECT "schema_migrations"."version" FROM "schema_migrations" [0m
Connecting to database specified by database.yml


Started GET "/assets/rails.png" for 127.0.0.1 at 2015-03-23 20:22:29 -0600
Connecting to database specified by database.yml
Served asset /rails.png - 200 OK (7ms)


Started GET "/posts" for 127.0.0.1 at 2015-03-23 20:22:33 -0600
Processing by PostsController#index as HTML
  [1m[36mPost Load (0.1ms)[0m  [1mSELECT "posts".* FROM "posts" [0m
  Rendered posts/index.html.erb within layouts/application (3.5ms)
Warning. Error encountered while saving cache /Users/brandonbarrett/Sites/rails_for_ember/tmp/cache/sass/4dab2fc7cbb16186b6a492dabfe2075363981ad0/posts.css.scssc: can't dump anonymous class #<Class:0x007fc8d9549a30>

Compiled posts.css  (3ms)  (pid 43666)
Warning. Error encountered while saving cache /Users/brandonbarrett/Sites/rails_for_ember/tmp/cache/sass/4dab2fc7cbb16186b6a492dabfe2075363981ad0/scaffolds.css.scssc: can't dump anonymous class #<Class:0x007fc8d9549a30>

Compiled scaffolds.css  (7ms)  (pid 43666)
Compiled application.css  (17ms)  (pid 43666)
Compiled jquery.js  (3ms)  (pid 43666)
Compiled jquery_ujs.js  (0ms)  (pid 43666)
Compiled posts.js  (103ms)  (pid 43666)
Compiled application.js  (125ms)  (pid 43666)
Completed 200 OK in 214.5ms (Views: 175.0ms | ActiveRecord: 1.0ms)


Started GET "/assets/application.css?body=1" for 127.0.0.1 at 2015-03-23 20:22:33 -0600
Served asset /application.css - 200 OK (10ms)


Started GET "/assets/jquery.js?body=1" for 127.0.0.1 at 2015-03-23 20:22:33 -0600
Served asset /jquery.js - 200 OK (2ms)


Started GET "/assets/posts.css?body=1" for 127.0.0.1 at 2015-03-23 20:22:33 -0600
Served asset /posts.css - 200 OK (2ms)


Started GET "/assets/scaffolds.css?body=1" for 127.0.0.1 at 2015-03-23 20:22:33 -0600
Served asset /scaffolds.css - 200 OK (2ms)


Started GET "/assets/jquery_ujs.js?body=1" for 127.0.0.1 at 2015-03-23 20:22:33 -0600
Served asset /jquery_ujs.js - 200 OK (1ms)


Started GET "/assets/posts.js?body=1" for 127.0.0.1 at 2015-03-23 20:22:33 -0600
Served asset /posts.js - 200 OK (1ms)


Started GET "/assets/application.js?body=1" for 127.0.0.1 at 2015-03-23 20:22:33 -0600
Served asset /application.js - 200 OK (4ms)


Started GET "/posts/new" for 127.0.0.1 at 2015-03-23 20:22:36 -0600
Processing by PostsController#new as HTML
  Rendered posts/_form.html.erb (8.2ms)
  Rendered posts/new.html.erb within layouts/application (12.3ms)
Completed 200 OK in 18.0ms (Views: 17.3ms | ActiveRecord: 0.0ms)


Started GET "/posts/1" for 127.0.0.1 at 2015-03-23 20:22:43 -0600
Processing by PostsController#show as HTML
  Parameters: {"id"=>"1"}
  [1m[35mPost Load (0.2ms)[0m  SELECT "posts".* FROM "posts" WHERE "posts"."id" = ? LIMIT 1  [["id", "1"]]
  Rendered posts/show.html.erb within layouts/application (1.1ms)
Completed 200 OK in 9.6ms (Views: 6.0ms | ActiveRecord: 0.2ms)


Started GET "/posts/1/edit" for 127.0.0.1 at 2015-03-23 20:22:56 -0600
Processing by PostsController#edit as HTML
  Parameters: {"id"=>"1"}
  [1m[36mPost Load (0.1ms)[0m  [1mSELECT "posts".* FROM "posts" WHERE "posts"."id" = ? LIMIT 1[0m  [["id", "1"]]
  Rendered posts/_form.html.erb (3.0ms)
  Rendered posts/edit.html.erb within layouts/application (4.9ms)
Completed 200 OK in 11.6ms (Views: 10.5ms | ActiveRecord: 0.1ms)


Started GET "/assets/posts.css?body=1" for 127.0.0.1 at 2015-03-23 20:22:56 -0600
Served asset /posts.css - 304 Not Modified (0ms)


Started GET "/assets/scaffolds.css?body=1" for 127.0.0.1 at 2015-03-23 20:22:56 -0600
Served asset /scaffolds.css - 304 Not Modified (0ms)


Started GET "/assets/posts.js?body=1" for 127.0.0.1 at 2015-03-23 20:22:56 -0600
Served asset /posts.js - 304 Not Modified (0ms)


Started GET "/posts.json" for 127.0.0.1 at 2015-03-23 20:23:49 -0600
Processing by PostsController#index as JSON
  [1m[35mPost Load (0.1ms)[0m  SELECT "posts".* FROM "posts" 
Completed 200 OK in 8.1ms (Views: 1.8ms | ActiveRecord: 0.7ms)


Started GET "/posts.xml" for 127.0.0.1 at 2015-03-23 20:24:55 -0600
Processing by PostsController#index as XML
  [1m[36mPost Load (0.1ms)[0m  [1mSELECT "posts".* FROM "posts" [0m
Completed 406 Not Acceptable in 0.9ms (ActiveRecord: 0.1ms)


Started GET "/posts.json" for 127.0.0.1 at 2015-03-23 20:25:09 -0600
Processing by PostsController#index as JSON
  [1m[35mPost Load (0.2ms)[0m  SELECT "posts".* FROM "posts" 
Completed 200 OK in 1.6ms (Views: 0.6ms | ActiveRecord: 0.2ms)


Started GET "/posts" for 127.0.0.1 at 2015-03-23 20:25:19 -0600
Processing by PostsController#index as HTML
  [1m[36mPost Load (0.2ms)[0m  [1mSELECT "posts".* FROM "posts" [0m
  Rendered posts/index.html.erb within layouts/application (2.6ms)
Completed 200 OK in 9.0ms (Views: 7.2ms | ActiveRecord: 0.2ms)


Started GET "/assets/jquery.js?body=1" for 127.0.0.1 at 2015-03-23 20:25:19 -0600
Served asset /jquery.js - 304 Not Modified (0ms)


Started GET "/assets/posts.css?body=1" for 127.0.0.1 at 2015-03-23 20:25:19 -0600
Served asset /posts.css - 304 Not Modified (0ms)


Started GET "/assets/application.css?body=1" for 127.0.0.1 at 2015-03-23 20:25:19 -0600
Served asset /application.css - 304 Not Modified (0ms)


Started GET "/assets/jquery_ujs.js?body=1" for 127.0.0.1 at 2015-03-23 20:25:19 -0600
Served asset /jquery_ujs.js - 304 Not Modified (0ms)


Started GET "/assets/scaffolds.css?body=1" for 127.0.0.1 at 2015-03-23 20:25:19 -0600
Served asset /scaffolds.css - 304 Not Modified (0ms)


Started GET "/assets/posts.js?body=1" for 127.0.0.1 at 2015-03-23 20:25:19 -0600
Served asset /posts.js - 304 Not Modified (0ms)


Started GET "/assets/application.js?body=1" for 127.0.0.1 at 2015-03-23 20:25:19 -0600
Served asset /application.js - 304 Not Modified (0ms)


Started GET "/posts" for 127.0.0.1 at 2015-03-23 20:29:41 -0600
Connecting to database specified by database.yml
Processing by PostsController#index as HTML
  [1m[36mPost Load (0.5ms)[0m  [1mSELECT "posts".* FROM "posts" [0m
Completed 200 OK in 47.7ms (Views: 1.9ms | ActiveRecord: 1.7ms)


Started GET "/posts" for 127.0.0.1 at 2015-03-23 20:31:39 -0600
Connecting to database specified by database.yml
Processing by PostsController#show as HTML
Completed 404 Not Found in 9.4ms

ActiveRecord::RecordNotFound (Couldn't find Post without an ID):
  app/controllers/posts_controller.rb:12:in `show'


  Rendered /Library/Ruby/Gems/2.0.0/gems/actionpack-3.2.18/lib/action_dispatch/middleware/templates/rescues/_trace.erb (1.6ms)
  Rendered /Library/Ruby/Gems/2.0.0/gems/actionpack-3.2.18/lib/action_dispatch/middleware/templates/rescues/_request_and_response.erb (0.9ms)
  Rendered /Library/Ruby/Gems/2.0.0/gems/actionpack-3.2.18/lib/action_dispatch/middleware/templates/rescues/diagnostics.erb within rescues/layout (10.0ms)


Started GET "/posts" for 127.0.0.1 at 2015-03-23 20:31:55 -0600
Connecting to database specified by database.yml
Processing by PostsController#index as HTML
  [1m[36mPost Load (0.1ms)[0m  [1mSELECT "posts".* FROM "posts" [0m
Completed 200 OK in 18.1ms (Views: 1.8ms | ActiveRecord: 0.8ms)


Started GET "/posts" for 127.0.0.1 at 2015-03-23 20:35:27 -0600
Connecting to database specified by database.yml
  [1m[36mPost Load (0.2ms)[0m  [1mSELECT "posts".* FROM "posts" LIMIT 1[0m

ActionController::RoutingError (undefined method `get_newest=' for #<Class:0x007fe273b32510>):
  app/models/post.rb:5:in `<class:Post>'
  app/models/post.rb:1:in `<top (required)>'
  app/controllers/posts_controller.rb:1:in `<top (required)>'


  Rendered /Library/Ruby/Gems/2.0.0/gems/actionpack-3.2.18/lib/action_dispatch/middleware/templates/rescues/routing_error.erb within rescues/layout (1.1ms)


Started GET "/posts" for 127.0.0.1 at 2015-03-23 20:35:57 -0600
Connecting to database specified by database.yml
  [1m[36mPost Load (0.1ms)[0m  [1mSELECT "posts".* FROM "posts" LIMIT 1[0m

ActionController::RoutingError (undefined method `get_newest=' for #<Class:0x007ff90ad3b688>):
  app/models/post.rb:5:in `<class:Post>'
  app/models/post.rb:1:in `<top (required)>'
  app/controllers/posts_controller.rb:1:in `<top (required)>'


  Rendered /Library/Ruby/Gems/2.0.0/gems/actionpack-3.2.18/lib/action_dispatch/middleware/templates/rescues/routing_error.erb within rescues/layout (1.0ms)


Started GET "/posts" for 127.0.0.1 at 2015-03-23 20:36:18 -0600
Processing by PostsController#index as HTML
  [1m[35mPost Load (0.1ms)[0m  SELECT "posts".* FROM "posts" 
Completed 200 OK in 7.5ms (Views: 2.0ms | ActiveRecord: 0.5ms)


Started GET "/posts/1" for 127.0.0.1 at 2015-03-23 20:36:36 -0600

ActionController::RoutingError (No route matches [GET] "/posts/1"):
  actionpack (3.2.18) lib/action_dispatch/middleware/debug_exceptions.rb:21:in `call'
  actionpack (3.2.18) lib/action_dispatch/middleware/show_exceptions.rb:56:in `call'
  railties (3.2.18) lib/rails/rack/logger.rb:32:in `call_app'
  railties (3.2.18) lib/rails/rack/logger.rb:16:in `block in call'
  activesupport (3.2.18) lib/active_support/tagged_logging.rb:22:in `tagged'
  railties (3.2.18) lib/rails/rack/logger.rb:16:in `call'
  actionpack (3.2.18) lib/action_dispatch/middleware/request_id.rb:22:in `call'
  rack (1.4.5) lib/rack/methodoverride.rb:21:in `call'
  rack (1.4.5) lib/rack/runtime.rb:17:in `call'
  activesupport (3.2.18) lib/active_support/cache/strategy/local_cache.rb:72:in `call'
  rack (1.4.5) lib/rack/lock.rb:15:in `call'
  actionpack (3.2.18) lib/action_dispatch/middleware/static.rb:63:in `call'
  railties (3.2.18) lib/rails/engine.rb:484:in `call'
  railties (3.2.18) lib/rails/application.rb:231:in `call'
  rack (1.4.5) lib/rack/content_length.rb:14:in `call'
  railties (3.2.18) lib/rails/rack/log_tailer.rb:17:in `call'
  rack (1.4.5) lib/rack/handler/webrick.rb:59:in `service'
  /System/Library/Frameworks/Ruby.framework/Versions/2.0/usr/lib/ruby/2.0.0/webrick/httpserver.rb:138:in `service'
  /System/Library/Frameworks/Ruby.framework/Versions/2.0/usr/lib/ruby/2.0.0/webrick/httpserver.rb:94:in `run'
  /System/Library/Frameworks/Ruby.framework/Versions/2.0/usr/lib/ruby/2.0.0/webrick/server.rb:295:in `block in start_thread'


  Rendered /Library/Ruby/Gems/2.0.0/gems/actionpack-3.2.18/lib/action_dispatch/middleware/templates/rescues/routing_error.erb within rescues/layout (0.6ms)


Started GET "/posts/1" for 127.0.0.1 at 2015-03-23 20:36:52 -0600
Processing by PostsController#show as HTML
  Parameters: {"id"=>"1"}
  [1m[36mPost Load (0.1ms)[0m  [1mSELECT "posts".* FROM "posts" WHERE "posts"."id" = ? LIMIT 1[0m  [["id", "1"]]
Completed 200 OK in 6.2ms (Views: 1.2ms | ActiveRecord: 0.5ms)


Started GET "/posts/" for 127.0.0.1 at 2015-03-23 20:37:02 -0600
Processing by PostsController#index as HTML
  [1m[35mPost Load (0.2ms)[0m  SELECT "posts".* FROM "posts" 
Completed 200 OK in 1.9ms (Views: 0.7ms | ActiveRecord: 0.2ms)


Started GET "/posts/" for 127.0.0.1 at 2015-03-23 20:45:46 -0600
Processing by PostsController#index as HTML
  [1m[36mPost Load (0.1ms)[0m  [1mSELECT "posts".* FROM "posts" [0m
Completed 200 OK in 7.9ms (Views: 1.5ms | ActiveRecord: 0.5ms)
